<?xml version="1.0" encoding="UTF-8"?>
<!-- Generated by org.testng.reporters.JUnitReportReporter -->
<testsuite hostname="DESKTOP-NV6R951" failures="0" tests="2" name="qaclickacademy.AppiumTest" time="0.020" errors="0" timestamp="2022-08-10T11:34:14 IST" skipped="0">
  <testcase classname="qaclickacademy.AppiumTest" name="NativeAppAndroid" time="0.002"/>
  <system-out/>
  <testcase classname="qaclickacademy.AppiumTest" name="IOSApps" time="0.018"/>
  <system-out/>
</testsuite> <!-- qaclickacademy.AppiumTest -->
